{
  "RSpec": {
    "coverage": {
      "/Users/CEO/Desktop/smart-app-ruby/spec/custom_exceptions_spec.rb": {
        "lines": [
          1,
          null,
          1,
          2,
          null,
          1,
          1,
          1,
          null,
          null,
          null,
          null,
          1,
          2,
          null,
          1,
          1,
          1,
          null,
          null,
          null
        ]
      },
      "/Users/CEO/Desktop/smart-app-ruby/lib/custom_exceptions.rb": {
        "lines": [
          1,
          1,
          1,
          null,
          null,
          null,
          1,
          1,
          1,
          null,
          null
        ]
      },
      "/Users/CEO/Desktop/smart-app-ruby/spec/log_parser_spec.rb": {
        "lines": [
          1,
          1,
          null,
          1,
          7,
          null,
          1,
          1,
          2,
          1,
          2,
          null,
          null,
          null,
          1,
          2,
          1,
          2,
          null,
          null,
          null,
          1,
          2,
          1,
          2,
          null,
          null,
          null,
          null,
          1,
          1,
          2,
          1,
          1,
          1,
          1,
          1,
          null,
          null,
          null,
          null,
          null,
          null,
          null,
          1,
          1,
          2,
          1,
          1,
          1,
          1,
          2,
          null,
          null,
          null,
          null,
          1,
          1,
          2,
          1,
          1,
          1,
          1,
          2,
          null,
          null,
          null,
          null
        ]
      },
      "/Users/CEO/Desktop/smart-app-ruby/lib/log_parser.rb": {
        "lines": [
          1,
          null,
          1,
          1,
          null,
          1,
          6,
          6,
          9,
          null,
          null,
          1,
          3,
          3,
          7,
          7,
          null,
          null,
          null,
          1,
          3,
          null,
          null,
          1,
          null,
          1,
          null,
          1,
          6,
          5,
          null,
          null,
          1,
          3,
          null,
          null
        ]
      }
    },
    "timestamp": 1594977016
  }
}
